[2020-12-17T06:22:25.762Z] [PAYTM] INFO [NODE-SDK1.0.0] <MerchantProperties>: initialize called
[2020-12-17T06:22:25.762Z] [PAYTM] INFO [NODE-SDK1.0.0] <MerchantProperties>: Setting Environment for DIY12386817555501617
[2020-12-17T06:22:25.763Z] [PAYTM] INFO [NODE-SDK:1.0.0:c48a838b-c35a-4e87-b08c-95603b63ae0e] <Payment>: In createTxnToken PaymentDetail: {"channelId":"WEB","orderId":"57","txnAmount":{"currency":"INR","value":"1.00"},"userInfo":{"custId":"client_id","mobile":"8010927353","email":"email@email.com"},"readTimeout":80000}
[2020-12-17T06:22:25.763Z] [PAYTM] INFO [NODE-SDK:1.0.0:c48a838b-c35a-4e87-b08c-95603b63ae0e] <Payment>: validatePaymentDetailsObject for object: {"channelId":"WEB","orderId":"57","txnAmount":{"currency":"INR","value":"1.00"},"userInfo":{"custId":"client_id","mobile":"8010927353","email":"email@email.com"},"readTimeout":80000}
[2020-12-17T06:22:25.763Z] [PAYTM] INFO [NODE-SDK:1.0.0:c48a838b-c35a-4e87-b08c-95603b63ae0e] <Payment>:  validatePaymentDetailsObject returns true 
[2020-12-17T06:22:25.763Z] [PAYTM] INFO [NODE-SDK:1.0.0:c48a838b-c35a-4e87-b08c-95603b63ae0e] <CommonUtil>: In getSecureRequestHeader
[2020-12-17T06:22:25.765Z] [PAYTM] INFO [NODE-SDK:1.0.0:c48a838b-c35a-4e87-b08c-95603b63ae0e] <Payment>: InitiateTransactionRequest object {"head":{"version":"v2","channelId":"WEB","requestTimestamp":"1608186145764","signature":null},"body":{"requestType":"Payment","mid":"bKMfNxPPf_QdZppa","orderId":"57","websiteName":"tiwari","txnAmount":{"currency":"INR","value":"1.00"},"userInfo":{"custId":"client_id","mobile":"8010927353","email":"email@email.com"},"callbackUrl":"https://pg-staging.paytm.in/MerchantSite/bankResponse"}}
[2020-12-17T06:22:25.765Z] [PAYTM] INFO [NODE-SDK:1.0.0:c48a838b-c35a-4e87-b08c-95603b63ae0e] <EncDecUtil>: generateSignature() called
[2020-12-17T06:22:25.765Z] [PAYTM] INFO [NODE-SDK:1.0.0:c48a838b-c35a-4e87-b08c-95603b63ae0e] <EncDecUtil>: generateRandomString() called
[2020-12-17T06:22:25.771Z] [PAYTM] INFO [NODE-SDK:1.0.0:c48a838b-c35a-4e87-b08c-95603b63ae0e] <EncDecUtil>: generateSalt returns: voo5
[2020-12-17T06:22:25.772Z] [PAYTM] INFO [NODE-SDK:1.0.0:c48a838b-c35a-4e87-b08c-95603b63ae0e] <Payment>: Exception caught in createTxnToken: {}
[2020-12-17T06:22:25.772Z] [PAYTM] CRITICAL [NODE-SDK:1.0.0:c48a838b-c35a-4e87-b08c-95603b63ae0e] <CommonUtil>: getSDKResponse with exception : {}
[2020-12-17T06:25:23.013Z] [PAYTM] INFO [NODE-SDK:1.0.0:833150e7-1127-4bc8-a37b-aa1025a6ab88] <Payment>: In createTxnToken PaymentDetail: {"channelId":"WEB","orderId":"57","txnAmount":{"currency":"INR","value":"1.00"},"userInfo":{"custId":"client_id","mobile":"8010927353","email":"email@email.com"},"readTimeout":80000}
[2020-12-17T06:25:23.013Z] [PAYTM] INFO [NODE-SDK:1.0.0:833150e7-1127-4bc8-a37b-aa1025a6ab88] <Payment>: validatePaymentDetailsObject for object: {"channelId":"WEB","orderId":"57","txnAmount":{"currency":"INR","value":"1.00"},"userInfo":{"custId":"client_id","mobile":"8010927353","email":"email@email.com"},"readTimeout":80000}
[2020-12-17T06:25:23.013Z] [PAYTM] INFO [NODE-SDK:1.0.0:833150e7-1127-4bc8-a37b-aa1025a6ab88] <Payment>:  validatePaymentDetailsObject returns true 
[2020-12-17T06:25:23.014Z] [PAYTM] INFO [NODE-SDK:1.0.0:833150e7-1127-4bc8-a37b-aa1025a6ab88] <CommonUtil>: In getSecureRequestHeader
[2020-12-17T06:25:23.014Z] [PAYTM] INFO [NODE-SDK:1.0.0:833150e7-1127-4bc8-a37b-aa1025a6ab88] <Payment>: InitiateTransactionRequest object {"head":{"version":"v2","channelId":"WEB","requestTimestamp":"1608186323014","signature":null},"body":{"requestType":"Payment","mid":"bKMfNxPPf_QdZppa","orderId":"57","websiteName":"tiwari","txnAmount":{"currency":"INR","value":"1.00"},"userInfo":{"custId":"client_id","mobile":"8010927353","email":"email@email.com"},"callbackUrl":"https://pg-staging.paytm.in/MerchantSite/bankResponse"}}
[2020-12-17T06:25:23.014Z] [PAYTM] INFO [NODE-SDK:1.0.0:833150e7-1127-4bc8-a37b-aa1025a6ab88] <EncDecUtil>: generateSignature() called
[2020-12-17T06:25:23.015Z] [PAYTM] INFO [NODE-SDK:1.0.0:833150e7-1127-4bc8-a37b-aa1025a6ab88] <EncDecUtil>: generateRandomString() called
[2020-12-17T06:25:23.019Z] [PAYTM] INFO [NODE-SDK:1.0.0:833150e7-1127-4bc8-a37b-aa1025a6ab88] <EncDecUtil>: generateSalt returns: FNqP
[2020-12-17T06:25:23.019Z] [PAYTM] INFO [NODE-SDK:1.0.0:833150e7-1127-4bc8-a37b-aa1025a6ab88] <Payment>: Exception caught in createTxnToken: {}
[2020-12-17T06:25:23.020Z] [PAYTM] CRITICAL [NODE-SDK:1.0.0:833150e7-1127-4bc8-a37b-aa1025a6ab88] <CommonUtil>: getSDKResponse with exception : {}
[2020-12-17T09:34:10.162Z] [PAYTM] INFO [NODE-SDK1.0.0] <MerchantProperties>: initialize called
[2020-12-17T09:34:10.163Z] [PAYTM] INFO [NODE-SDK1.0.0] <MerchantProperties>: Setting Environment for DIY12386817555501617
[2020-12-17T09:34:10.163Z] [PAYTM] INFO [NODE-SDK:1.0.0:c97a5a90-3ed9-4c88-89c7-4183b780b2e5] <Payment>: In createTxnToken PaymentDetail: {"channelId":"WEB","orderId":"57","txnAmount":{"currency":"INR","value":"1.00"},"userInfo":{"custId":"client_id","mobile":"8010927353","email":"email@email.com"},"readTimeout":80000}
[2020-12-17T09:34:10.163Z] [PAYTM] INFO [NODE-SDK:1.0.0:c97a5a90-3ed9-4c88-89c7-4183b780b2e5] <Payment>: validatePaymentDetailsObject for object: {"channelId":"WEB","orderId":"57","txnAmount":{"currency":"INR","value":"1.00"},"userInfo":{"custId":"client_id","mobile":"8010927353","email":"email@email.com"},"readTimeout":80000}
[2020-12-17T09:34:10.164Z] [PAYTM] INFO [NODE-SDK:1.0.0:c97a5a90-3ed9-4c88-89c7-4183b780b2e5] <Payment>:  validatePaymentDetailsObject returns true 
[2020-12-17T09:34:10.164Z] [PAYTM] INFO [NODE-SDK:1.0.0:c97a5a90-3ed9-4c88-89c7-4183b780b2e5] <CommonUtil>: In getSecureRequestHeader
[2020-12-17T09:34:10.164Z] [PAYTM] INFO [NODE-SDK:1.0.0:c97a5a90-3ed9-4c88-89c7-4183b780b2e5] <Payment>: InitiateTransactionRequest object {"head":{"version":"v2","channelId":"WEB","requestTimestamp":"1608197650164","signature":null},"body":{"requestType":"Payment","mid":"bKMfNxPPf_QdZppa","orderId":"57","websiteName":"a.com","txnAmount":{"currency":"INR","value":"1.00"},"userInfo":{"custId":"client_id","mobile":"8010927353","email":"email@email.com"},"callbackUrl":"https://pg-staging.paytm.in/MerchantSite/bankResponse"}}
[2020-12-17T09:34:10.165Z] [PAYTM] INFO [NODE-SDK:1.0.0:c97a5a90-3ed9-4c88-89c7-4183b780b2e5] <EncDecUtil>: generateSignature() called
[2020-12-17T09:34:10.165Z] [PAYTM] INFO [NODE-SDK:1.0.0:c97a5a90-3ed9-4c88-89c7-4183b780b2e5] <EncDecUtil>: generateRandomString() called
[2020-12-17T09:34:10.170Z] [PAYTM] INFO [NODE-SDK:1.0.0:c97a5a90-3ed9-4c88-89c7-4183b780b2e5] <EncDecUtil>: generateSalt returns: lkvB
[2020-12-17T09:34:10.170Z] [PAYTM] INFO [NODE-SDK:1.0.0:c97a5a90-3ed9-4c88-89c7-4183b780b2e5] <Payment>: Exception caught in createTxnToken: {}
[2020-12-17T09:34:10.170Z] [PAYTM] CRITICAL [NODE-SDK:1.0.0:c97a5a90-3ed9-4c88-89c7-4183b780b2e5] <CommonUtil>: getSDKResponse with exception : {}
